[Mon, 12 Mar 2018 12:52:00 GMT] [ERROR] default - POST : postUser STACKTRACE :SequelizeDatabaseError: relation "users" does not exist
    at Query.formatError (C:\EAPrepo\dev_arun5\MVC-BackendRestApi\services\node_modules\sequelize\lib\dialects\postgres\query.js:363:16)
    at query.catch.err (C:\EAPrepo\dev_arun5\MVC-BackendRestApi\services\node_modules\sequelize\lib\dialects\postgres\query.js:86:18)
    at tryCatcher (C:\EAPrepo\dev_arun5\MVC-BackendRestApi\services\node_modules\bluebird\js\release\util.js:16:23)
    at Promise._settlePromiseFromHandler (C:\EAPrepo\dev_arun5\MVC-BackendRestApi\services\node_modules\bluebird\js\release\promise.js:512:31)
    at Promise._settlePromise (C:\EAPrepo\dev_arun5\MVC-BackendRestApi\services\node_modules\bluebird\js\release\promise.js:569:18)
    at Promise._settlePromise0 (C:\EAPrepo\dev_arun5\MVC-BackendRestApi\services\node_modules\bluebird\js\release\promise.js:614:10)
    at Promise._settlePromises (C:\EAPrepo\dev_arun5\MVC-BackendRestApi\services\node_modules\bluebird\js\release\promise.js:689:18)
    at Async._drainQueue (C:\EAPrepo\dev_arun5\MVC-BackendRestApi\services\node_modules\bluebird\js\release\async.js:133:16)
    at Async._drainQueues (C:\EAPrepo\dev_arun5\MVC-BackendRestApi\services\node_modules\bluebird\js\release\async.js:143:10)
    at Immediate.Async.drainQueues (C:\EAPrepo\dev_arun5\MVC-BackendRestApi\services\node_modules\bluebird\js\release\async.js:17:14)
    at runCallback (timers.js:672:20)
    at tryOnImmediate (timers.js:645:5)
    at processImmediate [as _immediateCallback] (timers.js:617:5)
[Mon, 12 Mar 2018 12:52:05 GMT] [ERROR] default - POST : postUser STACKTRACE :SequelizeDatabaseError: relation "users" does not exist
    at Query.formatError (C:\EAPrepo\dev_arun5\MVC-BackendRestApi\services\node_modules\sequelize\lib\dialects\postgres\query.js:363:16)
    at query.catch.err (C:\EAPrepo\dev_arun5\MVC-BackendRestApi\services\node_modules\sequelize\lib\dialects\postgres\query.js:86:18)
    at tryCatcher (C:\EAPrepo\dev_arun5\MVC-BackendRestApi\services\node_modules\bluebird\js\release\util.js:16:23)
    at Promise._settlePromiseFromHandler (C:\EAPrepo\dev_arun5\MVC-BackendRestApi\services\node_modules\bluebird\js\release\promise.js:512:31)
    at Promise._settlePromise (C:\EAPrepo\dev_arun5\MVC-BackendRestApi\services\node_modules\bluebird\js\release\promise.js:569:18)
    at Promise._settlePromise0 (C:\EAPrepo\dev_arun5\MVC-BackendRestApi\services\node_modules\bluebird\js\release\promise.js:614:10)
    at Promise._settlePromises (C:\EAPrepo\dev_arun5\MVC-BackendRestApi\services\node_modules\bluebird\js\release\promise.js:689:18)
    at Async._drainQueue (C:\EAPrepo\dev_arun5\MVC-BackendRestApi\services\node_modules\bluebird\js\release\async.js:133:16)
    at Async._drainQueues (C:\EAPrepo\dev_arun5\MVC-BackendRestApi\services\node_modules\bluebird\js\release\async.js:143:10)
    at Immediate.Async.drainQueues (C:\EAPrepo\dev_arun5\MVC-BackendRestApi\services\node_modules\bluebird\js\release\async.js:17:14)
    at runCallback (timers.js:672:20)
    at tryOnImmediate (timers.js:645:5)
    at processImmediate [as _immediateCallback] (timers.js:617:5)
